<?xml version="1.0" encoding="UTF-8"?>
<!-- Generated by org.testng.reporters.JUnitReportReporter -->
<testsuite name="org.testing.TestScripts.TC6GetAll2" tests="1" time="2.107" ignored="0" failures="0" timestamp="08 Jan 2022 13:12:18 GMT" skipped="0" hostname="DESKTOP-AVN6NAM" errors="0">
  <testcase name="testcase6" time="2.107" classname="org.testing.TestScripts.TC6GetAll2"/>
</testsuite> <!-- org.testing.TestScripts.TC6GetAll2 -->
